

Microchip MPLAB XC8 Assembler V2.32 build 20210201212658 
                                                                                               Sun Oct 10 22:29:22 2021

Microchip MPLAB XC8 C Compiler v2.32 (Free license) build 20210201212658 Og1 
     1                           	processor	16F15313
     2                           	pagewidth 120
     3                           	opt	flic
     4                           	psect	cinit,global,class=CODE,merge=1,delta=2
     5                           	psect	bssCOMMON,global,class=COMMON,space=1,delta=1,noexec
     6                           	psect	cstackCOMMON,global,class=COMMON,space=1,delta=1,noexec
     7                           	psect	maintext,global,class=CODE,merge=1,split=1,delta=2
     8                           	psect	text1,local,class=CODE,merge=1,delta=2
     9                           	psect	text2,local,class=CODE,merge=1,delta=2
    10                           	psect	text3,local,class=CODE,merge=1,delta=2
    11                           	psect	text4,local,class=CODE,merge=1,delta=2
    12                           	psect	text5,local,class=CODE,merge=1,delta=2
    13                           	psect	text6,local,class=CODE,merge=1,delta=2
    14                           	psect	config,global,abs,ovrld,class=CONFIG,space=4,delta=2,noexec
    15                           	dabs	1,0x7E,2
    16  0000                     
    17                           ; Version 2.35
    18                           ; Generated 13/04/2021 GMT
    19                           ; 
    20                           ; Copyright © 2021, Microchip Technology Inc. and its subsidiaries ("Microchip")
    21                           ; All rights reserved.
    22                           ; 
    23                           ; This software is developed by Microchip Technology Inc. and its subsidiaries ("Microch
      +                          ip").
    24                           ; 
    25                           ; Redistribution and use in source and binary forms, with or without modification, are
    26                           ; permitted provided that the following conditions are met:
    27                           ; 
    28                           ;     1. Redistributions of source code must retain the above copyright notice, this lis
      +                          t of
    29                           ;        conditions and the following disclaimer.
    30                           ; 
    31                           ;     2. Redistributions in binary form must reproduce the above copyright notice, this 
      +                          list
    32                           ;        of conditions and the following disclaimer in the documentation and/or other
    33                           ;        materials provided with the distribution. Publication is not required when
    34                           ;        this file is used in an embedded application.
    35                           ; 
    36                           ;     3. Microchip's name may not be used to endorse or promote products derived from th
      +                          is
    37                           ;        software without specific prior written permission.
    38                           ; 
    39                           ; THIS SOFTWARE IS PROVIDED BY MICROCHIP "AS IS" AND ANY EXPRESS OR IMPLIED WARRANTIES,
    40                           ; INCLUDING, BUT NOT LIMITED TO, THE IMPLIED WARRANTIES OF MERCHANTABILITY AND FITNESS F
      +                          OR
    41                           ; PURPOSE ARE DISCLAIMED.  IN NO EVENT SHALL MICROCHIP BE LIABLE FOR ANY DIRECT, INDIREC
      +                          T,
    42                           ; INCIDENTAL, SPECIAL, EXEMPLARY, OR CONSEQUENTIAL DAMAGES (INCLUDING BUT NOT LIMITED TO
    43                           ; PROCUREMENT OF SUBSTITUTE GOODS OR SERVICES; LOSS OF USE, DATA OR PROFITS; OR BUSINESS
    44                           ; INTERRUPTION) HOWSOEVER CAUSED AND ON ANY THEORY OF LIABILITY, WHETHER IN CONTRACT, ST
      +                          RICT
    45                           ; LIABILITY, OR TORT (INCLUDING NEGLIGENCE OR OTHERWISE) ARISING IN ANY WAY OUT OF THE U
      +                          SE OF
    46                           ; THIS SOFTWARE, EVEN IF ADVISED OF THE POSSIBILITY OF SUCH DAMAGE.
    47                           ; 
    48                           ; 
    49                           ; Code-generator required, PIC16F15313 Definitions
    50                           ; 
    51                           ; SFR Addresses
    52  0000                     	;# 
    53  0001                     	;# 
    54  0002                     	;# 
    55  0003                     	;# 
    56  0004                     	;# 
    57  0005                     	;# 
    58  0006                     	;# 
    59  0007                     	;# 
    60  0008                     	;# 
    61  0009                     	;# 
    62  000A                     	;# 
    63  000B                     	;# 
    64  000C                     	;# 
    65  0012                     	;# 
    66  0018                     	;# 
    67  009B                     	;# 
    68  009B                     	;# 
    69  009C                     	;# 
    70  009D                     	;# 
    71  009E                     	;# 
    72  009F                     	;# 
    73  0119                     	;# 
    74  0119                     	;# 
    75  0119                     	;# 
    76  011A                     	;# 
    77  011A                     	;# 
    78  011A                     	;# 
    79  011B                     	;# 
    80  011B                     	;# 
    81  011B                     	;# 
    82  011B                     	;# 
    83  011B                     	;# 
    84  011C                     	;# 
    85  011C                     	;# 
    86  011C                     	;# 
    87  011D                     	;# 
    88  011D                     	;# 
    89  011D                     	;# 
    90  011E                     	;# 
    91  011E                     	;# 
    92  011E                     	;# 
    93  011F                     	;# 
    94  011F                     	;# 
    95  011F                     	;# 
    96  011F                     	;# 
    97  011F                     	;# 
    98  018C                     	;# 
    99  018D                     	;# 
   100  018E                     	;# 
   101  018F                     	;# 
   102  0190                     	;# 
   103  0191                     	;# 
   104  0192                     	;# 
   105  020C                     	;# 
   106  020C                     	;# 
   107  020D                     	;# 
   108  020E                     	;# 
   109  020F                     	;# 
   110  020F                     	;# 
   111  0210                     	;# 
   112  0210                     	;# 
   113  0211                     	;# 
   114  0211                     	;# 
   115  028C                     	;# 
   116  028C                     	;# 
   117  028D                     	;# 
   118  028D                     	;# 
   119  028E                     	;# 
   120  028F                     	;# 
   121  0290                     	;# 
   122  0291                     	;# 
   123  030C                     	;# 
   124  030C                     	;# 
   125  030D                     	;# 
   126  030E                     	;# 
   127  030F                     	;# 
   128  0310                     	;# 
   129  0310                     	;# 
   130  0311                     	;# 
   131  0312                     	;# 
   132  0313                     	;# 
   133  0314                     	;# 
   134  0314                     	;# 
   135  0315                     	;# 
   136  0316                     	;# 
   137  0318                     	;# 
   138  0318                     	;# 
   139  0319                     	;# 
   140  031A                     	;# 
   141  031C                     	;# 
   142  031C                     	;# 
   143  031D                     	;# 
   144  031E                     	;# 
   145  038C                     	;# 
   146  038C                     	;# 
   147  038D                     	;# 
   148  038E                     	;# 
   149  058C                     	;# 
   150  058C                     	;# 
   151  058D                     	;# 
   152  058E                     	;# 
   153  058F                     	;# 
   154  058F                     	;# 
   155  0590                     	;# 
   156  0591                     	;# 
   157  0592                     	;# 
   158  0593                     	;# 
   159  059C                     	;# 
   160  059C                     	;# 
   161  059D                     	;# 
   162  059D                     	;# 
   163  059E                     	;# 
   164  059F                     	;# 
   165  060C                     	;# 
   166  060D                     	;# 
   167  060E                     	;# 
   168  060F                     	;# 
   169  0610                     	;# 
   170  0611                     	;# 
   171  0612                     	;# 
   172  0613                     	;# 
   173  0614                     	;# 
   174  070C                     	;# 
   175  070D                     	;# 
   176  070E                     	;# 
   177  070F                     	;# 
   178  0710                     	;# 
   179  0711                     	;# 
   180  0712                     	;# 
   181  0713                     	;# 
   182  0716                     	;# 
   183  0717                     	;# 
   184  0718                     	;# 
   185  0719                     	;# 
   186  071A                     	;# 
   187  071B                     	;# 
   188  071C                     	;# 
   189  071D                     	;# 
   190  0796                     	;# 
   191  0797                     	;# 
   192  0798                     	;# 
   193  0799                     	;# 
   194  079A                     	;# 
   195  079B                     	;# 
   196  080C                     	;# 
   197  080D                     	;# 
   198  080E                     	;# 
   199  080F                     	;# 
   200  0810                     	;# 
   201  0811                     	;# 
   202  0812                     	;# 
   203  0813                     	;# 
   204  0814                     	;# 
   205  081A                     	;# 
   206  081A                     	;# 
   207  081B                     	;# 
   208  081C                     	;# 
   209  081C                     	;# 
   210  081D                     	;# 
   211  081E                     	;# 
   212  081F                     	;# 
   213  088C                     	;# 
   214  088D                     	;# 
   215  088E                     	;# 
   216  088F                     	;# 
   217  0890                     	;# 
   218  0891                     	;# 
   219  0892                     	;# 
   220  0893                     	;# 
   221  0895                     	;# 
   222  0896                     	;# 
   223  090C                     	;# 
   224  090E                     	;# 
   225  090F                     	;# 
   226  091F                     	;# 
   227  098F                     	;# 
   228  098F                     	;# 
   229  0990                     	;# 
   230  0991                     	;# 
   231  0992                     	;# 
   232  0993                     	;# 
   233  1E0F                     	;# 
   234  1E10                     	;# 
   235  1E11                     	;# 
   236  1E12                     	;# 
   237  1E13                     	;# 
   238  1E14                     	;# 
   239  1E15                     	;# 
   240  1E16                     	;# 
   241  1E17                     	;# 
   242  1E18                     	;# 
   243  1E19                     	;# 
   244  1E1A                     	;# 
   245  1E1B                     	;# 
   246  1E1C                     	;# 
   247  1E1D                     	;# 
   248  1E1E                     	;# 
   249  1E1F                     	;# 
   250  1E20                     	;# 
   251  1E21                     	;# 
   252  1E22                     	;# 
   253  1E23                     	;# 
   254  1E24                     	;# 
   255  1E25                     	;# 
   256  1E26                     	;# 
   257  1E27                     	;# 
   258  1E28                     	;# 
   259  1E29                     	;# 
   260  1E2A                     	;# 
   261  1E2B                     	;# 
   262  1E2C                     	;# 
   263  1E2D                     	;# 
   264  1E2E                     	;# 
   265  1E2F                     	;# 
   266  1E30                     	;# 
   267  1E31                     	;# 
   268  1E32                     	;# 
   269  1E33                     	;# 
   270  1E34                     	;# 
   271  1E35                     	;# 
   272  1E36                     	;# 
   273  1E37                     	;# 
   274  1E8F                     	;# 
   275  1E90                     	;# 
   276  1E91                     	;# 
   277  1E92                     	;# 
   278  1E93                     	;# 
   279  1E9C                     	;# 
   280  1EA1                     	;# 
   281  1EA2                     	;# 
   282  1EB1                     	;# 
   283  1EBB                     	;# 
   284  1EBC                     	;# 
   285  1EBD                     	;# 
   286  1EBE                     	;# 
   287  1EC3                     	;# 
   288  1EC5                     	;# 
   289  1EC6                     	;# 
   290  1EC7                     	;# 
   291  1ECB                     	;# 
   292  1ECC                     	;# 
   293  1F10                     	;# 
   294  1F11                     	;# 
   295  1F12                     	;# 
   296  1F13                     	;# 
   297  1F14                     	;# 
   298  1F15                     	;# 
   299  1F38                     	;# 
   300  1F39                     	;# 
   301  1F3A                     	;# 
   302  1F3B                     	;# 
   303  1F3C                     	;# 
   304  1F3D                     	;# 
   305  1F3E                     	;# 
   306  1F3F                     	;# 
   307  1FE4                     	;# 
   308  1FE5                     	;# 
   309  1FE6                     	;# 
   310  1FE7                     	;# 
   311  1FE8                     	;# 
   312  1FE8                     	;# 
   313  1FE9                     	;# 
   314  1FEA                     	;# 
   315  1FEA                     	;# 
   316  1FEB                     	;# 
   317  1FED                     	;# 
   318  1FEE                     	;# 
   319  1FEF                     	;# 
   320  0000                     	;# 
   321  0001                     	;# 
   322  0002                     	;# 
   323  0003                     	;# 
   324  0004                     	;# 
   325  0005                     	;# 
   326  0006                     	;# 
   327  0007                     	;# 
   328  0008                     	;# 
   329  0009                     	;# 
   330  000A                     	;# 
   331  000B                     	;# 
   332  000C                     	;# 
   333  0012                     	;# 
   334  0018                     	;# 
   335  009B                     	;# 
   336  009B                     	;# 
   337  009C                     	;# 
   338  009D                     	;# 
   339  009E                     	;# 
   340  009F                     	;# 
   341  0119                     	;# 
   342  0119                     	;# 
   343  0119                     	;# 
   344  011A                     	;# 
   345  011A                     	;# 
   346  011A                     	;# 
   347  011B                     	;# 
   348  011B                     	;# 
   349  011B                     	;# 
   350  011B                     	;# 
   351  011B                     	;# 
   352  011C                     	;# 
   353  011C                     	;# 
   354  011C                     	;# 
   355  011D                     	;# 
   356  011D                     	;# 
   357  011D                     	;# 
   358  011E                     	;# 
   359  011E                     	;# 
   360  011E                     	;# 
   361  011F                     	;# 
   362  011F                     	;# 
   363  011F                     	;# 
   364  011F                     	;# 
   365  011F                     	;# 
   366  018C                     	;# 
   367  018D                     	;# 
   368  018E                     	;# 
   369  018F                     	;# 
   370  0190                     	;# 
   371  0191                     	;# 
   372  0192                     	;# 
   373  020C                     	;# 
   374  020C                     	;# 
   375  020D                     	;# 
   376  020E                     	;# 
   377  020F                     	;# 
   378  020F                     	;# 
   379  0210                     	;# 
   380  0210                     	;# 
   381  0211                     	;# 
   382  0211                     	;# 
   383  028C                     	;# 
   384  028C                     	;# 
   385  028D                     	;# 
   386  028D                     	;# 
   387  028E                     	;# 
   388  028F                     	;# 
   389  0290                     	;# 
   390  0291                     	;# 
   391  030C                     	;# 
   392  030C                     	;# 
   393  030D                     	;# 
   394  030E                     	;# 
   395  030F                     	;# 
   396  0310                     	;# 
   397  0310                     	;# 
   398  0311                     	;# 
   399  0312                     	;# 
   400  0313                     	;# 
   401  0314                     	;# 
   402  0314                     	;# 
   403  0315                     	;# 
   404  0316                     	;# 
   405  0318                     	;# 
   406  0318                     	;# 
   407  0319                     	;# 
   408  031A                     	;# 
   409  031C                     	;# 
   410  031C                     	;# 
   411  031D                     	;# 
   412  031E                     	;# 
   413  038C                     	;# 
   414  038C                     	;# 
   415  038D                     	;# 
   416  038E                     	;# 
   417  058C                     	;# 
   418  058C                     	;# 
   419  058D                     	;# 
   420  058E                     	;# 
   421  058F                     	;# 
   422  058F                     	;# 
   423  0590                     	;# 
   424  0591                     	;# 
   425  0592                     	;# 
   426  0593                     	;# 
   427  059C                     	;# 
   428  059C                     	;# 
   429  059D                     	;# 
   430  059D                     	;# 
   431  059E                     	;# 
   432  059F                     	;# 
   433  060C                     	;# 
   434  060D                     	;# 
   435  060E                     	;# 
   436  060F                     	;# 
   437  0610                     	;# 
   438  0611                     	;# 
   439  0612                     	;# 
   440  0613                     	;# 
   441  0614                     	;# 
   442  070C                     	;# 
   443  070D                     	;# 
   444  070E                     	;# 
   445  070F                     	;# 
   446  0710                     	;# 
   447  0711                     	;# 
   448  0712                     	;# 
   449  0713                     	;# 
   450  0716                     	;# 
   451  0717                     	;# 
   452  0718                     	;# 
   453  0719                     	;# 
   454  071A                     	;# 
   455  071B                     	;# 
   456  071C                     	;# 
   457  071D                     	;# 
   458  0796                     	;# 
   459  0797                     	;# 
   460  0798                     	;# 
   461  0799                     	;# 
   462  079A                     	;# 
   463  079B                     	;# 
   464  080C                     	;# 
   465  080D                     	;# 
   466  080E                     	;# 
   467  080F                     	;# 
   468  0810                     	;# 
   469  0811                     	;# 
   470  0812                     	;# 
   471  0813                     	;# 
   472  0814                     	;# 
   473  081A                     	;# 
   474  081A                     	;# 
   475  081B                     	;# 
   476  081C                     	;# 
   477  081C                     	;# 
   478  081D                     	;# 
   479  081E                     	;# 
   480  081F                     	;# 
   481  088C                     	;# 
   482  088D                     	;# 
   483  088E                     	;# 
   484  088F                     	;# 
   485  0890                     	;# 
   486  0891                     	;# 
   487  0892                     	;# 
   488  0893                     	;# 
   489  0895                     	;# 
   490  0896                     	;# 
   491  090C                     	;# 
   492  090E                     	;# 
   493  090F                     	;# 
   494  091F                     	;# 
   495  098F                     	;# 
   496  098F                     	;# 
   497  0990                     	;# 
   498  0991                     	;# 
   499  0992                     	;# 
   500  0993                     	;# 
   501  1E0F                     	;# 
   502  1E10                     	;# 
   503  1E11                     	;# 
   504  1E12                     	;# 
   505  1E13                     	;# 
   506  1E14                     	;# 
   507  1E15                     	;# 
   508  1E16                     	;# 
   509  1E17                     	;# 
   510  1E18                     	;# 
   511  1E19                     	;# 
   512  1E1A                     	;# 
   513  1E1B                     	;# 
   514  1E1C                     	;# 
   515  1E1D                     	;# 
   516  1E1E                     	;# 
   517  1E1F                     	;# 
   518  1E20                     	;# 
   519  1E21                     	;# 
   520  1E22                     	;# 
   521  1E23                     	;# 
   522  1E24                     	;# 
   523  1E25                     	;# 
   524  1E26                     	;# 
   525  1E27                     	;# 
   526  1E28                     	;# 
   527  1E29                     	;# 
   528  1E2A                     	;# 
   529  1E2B                     	;# 
   530  1E2C                     	;# 
   531  1E2D                     	;# 
   532  1E2E                     	;# 
   533  1E2F                     	;# 
   534  1E30                     	;# 
   535  1E31                     	;# 
   536  1E32                     	;# 
   537  1E33                     	;# 
   538  1E34                     	;# 
   539  1E35                     	;# 
   540  1E36                     	;# 
   541  1E37                     	;# 
   542  1E8F                     	;# 
   543  1E90                     	;# 
   544  1E91                     	;# 
   545  1E92                     	;# 
   546  1E93                     	;# 
   547  1E9C                     	;# 
   548  1EA1                     	;# 
   549  1EA2                     	;# 
   550  1EB1                     	;# 
   551  1EBB                     	;# 
   552  1EBC                     	;# 
   553  1EBD                     	;# 
   554  1EBE                     	;# 
   555  1EC3                     	;# 
   556  1EC5                     	;# 
   557  1EC6                     	;# 
   558  1EC7                     	;# 
   559  1ECB                     	;# 
   560  1ECC                     	;# 
   561  1F10                     	;# 
   562  1F11                     	;# 
   563  1F12                     	;# 
   564  1F13                     	;# 
   565  1F14                     	;# 
   566  1F15                     	;# 
   567  1F38                     	;# 
   568  1F39                     	;# 
   569  1F3A                     	;# 
   570  1F3B                     	;# 
   571  1F3C                     	;# 
   572  1F3D                     	;# 
   573  1F3E                     	;# 
   574  1F3F                     	;# 
   575  1FE4                     	;# 
   576  1FE5                     	;# 
   577  1FE6                     	;# 
   578  1FE7                     	;# 
   579  1FE8                     	;# 
   580  1FE8                     	;# 
   581  1FE9                     	;# 
   582  1FEA                     	;# 
   583  1FEA                     	;# 
   584  1FEB                     	;# 
   585  1FED                     	;# 
   586  1FEE                     	;# 
   587  1FEF                     	;# 
   588  0000                     	;# 
   589  0001                     	;# 
   590  0002                     	;# 
   591  0003                     	;# 
   592  0004                     	;# 
   593  0005                     	;# 
   594  0006                     	;# 
   595  0007                     	;# 
   596  0008                     	;# 
   597  0009                     	;# 
   598  000A                     	;# 
   599  000B                     	;# 
   600  000C                     	;# 
   601  0012                     	;# 
   602  0018                     	;# 
   603  009B                     	;# 
   604  009B                     	;# 
   605  009C                     	;# 
   606  009D                     	;# 
   607  009E                     	;# 
   608  009F                     	;# 
   609  0119                     	;# 
   610  0119                     	;# 
   611  0119                     	;# 
   612  011A                     	;# 
   613  011A                     	;# 
   614  011A                     	;# 
   615  011B                     	;# 
   616  011B                     	;# 
   617  011B                     	;# 
   618  011B                     	;# 
   619  011B                     	;# 
   620  011C                     	;# 
   621  011C                     	;# 
   622  011C                     	;# 
   623  011D                     	;# 
   624  011D                     	;# 
   625  011D                     	;# 
   626  011E                     	;# 
   627  011E                     	;# 
   628  011E                     	;# 
   629  011F                     	;# 
   630  011F                     	;# 
   631  011F                     	;# 
   632  011F                     	;# 
   633  011F                     	;# 
   634  018C                     	;# 
   635  018D                     	;# 
   636  018E                     	;# 
   637  018F                     	;# 
   638  0190                     	;# 
   639  0191                     	;# 
   640  0192                     	;# 
   641  020C                     	;# 
   642  020C                     	;# 
   643  020D                     	;# 
   644  020E                     	;# 
   645  020F                     	;# 
   646  020F                     	;# 
   647  0210                     	;# 
   648  0210                     	;# 
   649  0211                     	;# 
   650  0211                     	;# 
   651  028C                     	;# 
   652  028C                     	;# 
   653  028D                     	;# 
   654  028D                     	;# 
   655  028E                     	;# 
   656  028F                     	;# 
   657  0290                     	;# 
   658  0291                     	;# 
   659  030C                     	;# 
   660  030C                     	;# 
   661  030D                     	;# 
   662  030E                     	;# 
   663  030F                     	;# 
   664  0310                     	;# 
   665  0310                     	;# 
   666  0311                     	;# 
   667  0312                     	;# 
   668  0313                     	;# 
   669  0314                     	;# 
   670  0314                     	;# 
   671  0315                     	;# 
   672  0316                     	;# 
   673  0318                     	;# 
   674  0318                     	;# 
   675  0319                     	;# 
   676  031A                     	;# 
   677  031C                     	;# 
   678  031C                     	;# 
   679  031D                     	;# 
   680  031E                     	;# 
   681  038C                     	;# 
   682  038C                     	;# 
   683  038D                     	;# 
   684  038E                     	;# 
   685  058C                     	;# 
   686  058C                     	;# 
   687  058D                     	;# 
   688  058E                     	;# 
   689  058F                     	;# 
   690  058F                     	;# 
   691  0590                     	;# 
   692  0591                     	;# 
   693  0592                     	;# 
   694  0593                     	;# 
   695  059C                     	;# 
   696  059C                     	;# 
   697  059D                     	;# 
   698  059D                     	;# 
   699  059E                     	;# 
   700  059F                     	;# 
   701  060C                     	;# 
   702  060D                     	;# 
   703  060E                     	;# 
   704  060F                     	;# 
   705  0610                     	;# 
   706  0611                     	;# 
   707  0612                     	;# 
   708  0613                     	;# 
   709  0614                     	;# 
   710  070C                     	;# 
   711  070D                     	;# 
   712  070E                     	;# 
   713  070F                     	;# 
   714  0710                     	;# 
   715  0711                     	;# 
   716  0712                     	;# 
   717  0713                     	;# 
   718  0716                     	;# 
   719  0717                     	;# 
   720  0718                     	;# 
   721  0719                     	;# 
   722  071A                     	;# 
   723  071B                     	;# 
   724  071C                     	;# 
   725  071D                     	;# 
   726  0796                     	;# 
   727  0797                     	;# 
   728  0798                     	;# 
   729  0799                     	;# 
   730  079A                     	;# 
   731  079B                     	;# 
   732  080C                     	;# 
   733  080D                     	;# 
   734  080E                     	;# 
   735  080F                     	;# 
   736  0810                     	;# 
   737  0811                     	;# 
   738  0812                     	;# 
   739  0813                     	;# 
   740  0814                     	;# 
   741  081A                     	;# 
   742  081A                     	;# 
   743  081B                     	;# 
   744  081C                     	;# 
   745  081C                     	;# 
   746  081D                     	;# 
   747  081E                     	;# 
   748  081F                     	;# 
   749  088C                     	;# 
   750  088D                     	;# 
   751  088E                     	;# 
   752  088F                     	;# 
   753  0890                     	;# 
   754  0891                     	;# 
   755  0892                     	;# 
   756  0893                     	;# 
   757  0895                     	;# 
   758  0896                     	;# 
   759  090C                     	;# 
   760  090E                     	;# 
   761  090F                     	;# 
   762  091F                     	;# 
   763  098F                     	;# 
   764  098F                     	;# 
   765  0990                     	;# 
   766  0991                     	;# 
   767  0992                     	;# 
   768  0993                     	;# 
   769  1E0F                     	;# 
   770  1E10                     	;# 
   771  1E11                     	;# 
   772  1E12                     	;# 
   773  1E13                     	;# 
   774  1E14                     	;# 
   775  1E15                     	;# 
   776  1E16                     	;# 
   777  1E17                     	;# 
   778  1E18                     	;# 
   779  1E19                     	;# 
   780  1E1A                     	;# 
   781  1E1B                     	;# 
   782  1E1C                     	;# 
   783  1E1D                     	;# 
   784  1E1E                     	;# 
   785  1E1F                     	;# 
   786  1E20                     	;# 
   787  1E21                     	;# 
   788  1E22                     	;# 
   789  1E23                     	;# 
   790  1E24                     	;# 
   791  1E25                     	;# 
   792  1E26                     	;# 
   793  1E27                     	;# 
   794  1E28                     	;# 
   795  1E29                     	;# 
   796  1E2A                     	;# 
   797  1E2B                     	;# 
   798  1E2C                     	;# 
   799  1E2D                     	;# 
   800  1E2E                     	;# 
   801  1E2F                     	;# 
   802  1E30                     	;# 
   803  1E31                     	;# 
   804  1E32                     	;# 
   805  1E33                     	;# 
   806  1E34                     	;# 
   807  1E35                     	;# 
   808  1E36                     	;# 
   809  1E37                     	;# 
   810  1E8F                     	;# 
   811  1E90                     	;# 
   812  1E91                     	;# 
   813  1E92                     	;# 
   814  1E93                     	;# 
   815  1E9C                     	;# 
   816  1EA1                     	;# 
   817  1EA2                     	;# 
   818  1EB1                     	;# 
   819  1EBB                     	;# 
   820  1EBC                     	;# 
   821  1EBD                     	;# 
   822  1EBE                     	;# 
   823  1EC3                     	;# 
   824  1EC5                     	;# 
   825  1EC6                     	;# 
   826  1EC7                     	;# 
   827  1ECB                     	;# 
   828  1ECC                     	;# 
   829  1F10                     	;# 
   830  1F11                     	;# 
   831  1F12                     	;# 
   832  1F13                     	;# 
   833  1F14                     	;# 
   834  1F15                     	;# 
   835  1F38                     	;# 
   836  1F39                     	;# 
   837  1F3A                     	;# 
   838  1F3B                     	;# 
   839  1F3C                     	;# 
   840  1F3D                     	;# 
   841  1F3E                     	;# 
   842  1F3F                     	;# 
   843  1FE4                     	;# 
   844  1FE5                     	;# 
   845  1FE6                     	;# 
   846  1FE7                     	;# 
   847  1FE8                     	;# 
   848  1FE8                     	;# 
   849  1FE9                     	;# 
   850  1FEA                     	;# 
   851  1FEA                     	;# 
   852  1FEB                     	;# 
   853  1FED                     	;# 
   854  1FEE                     	;# 
   855  1FEF                     	;# 
   856  0000                     	;# 
   857  0001                     	;# 
   858  0002                     	;# 
   859  0003                     	;# 
   860  0004                     	;# 
   861  0005                     	;# 
   862  0006                     	;# 
   863  0007                     	;# 
   864  0008                     	;# 
   865  0009                     	;# 
   866  000A                     	;# 
   867  000B                     	;# 
   868  000C                     	;# 
   869  0012                     	;# 
   870  0018                     	;# 
   871  009B                     	;# 
   872  009B                     	;# 
   873  009C                     	;# 
   874  009D                     	;# 
   875  009E                     	;# 
   876  009F                     	;# 
   877  0119                     	;# 
   878  0119                     	;# 
   879  0119                     	;# 
   880  011A                     	;# 
   881  011A                     	;# 
   882  011A                     	;# 
   883  011B                     	;# 
   884  011B                     	;# 
   885  011B                     	;# 
   886  011B                     	;# 
   887  011B                     	;# 
   888  011C                     	;# 
   889  011C                     	;# 
   890  011C                     	;# 
   891  011D                     	;# 
   892  011D                     	;# 
   893  011D                     	;# 
   894  011E                     	;# 
   895  011E                     	;# 
   896  011E                     	;# 
   897  011F                     	;# 
   898  011F                     	;# 
   899  011F                     	;# 
   900  011F                     	;# 
   901  011F                     	;# 
   902  018C                     	;# 
   903  018D                     	;# 
   904  018E                     	;# 
   905  018F                     	;# 
   906  0190                     	;# 
   907  0191                     	;# 
   908  0192                     	;# 
   909  020C                     	;# 
   910  020C                     	;# 
   911  020D                     	;# 
   912  020E                     	;# 
   913  020F                     	;# 
   914  020F                     	;# 
   915  0210                     	;# 
   916  0210                     	;# 
   917  0211                     	;# 
   918  0211                     	;# 
   919  028C                     	;# 
   920  028C                     	;# 
   921  028D                     	;# 
   922  028D                     	;# 
   923  028E                     	;# 
   924  028F                     	;# 
   925  0290                     	;# 
   926  0291                     	;# 
   927  030C                     	;# 
   928  030C                     	;# 
   929  030D                     	;# 
   930  030E                     	;# 
   931  030F                     	;# 
   932  0310                     	;# 
   933  0310                     	;# 
   934  0311                     	;# 
   935  0312                     	;# 
   936  0313                     	;# 
   937  0314                     	;# 
   938  0314                     	;# 
   939  0315                     	;# 
   940  0316                     	;# 
   941  0318                     	;# 
   942  0318                     	;# 
   943  0319                     	;# 
   944  031A                     	;# 
   945  031C                     	;# 
   946  031C                     	;# 
   947  031D                     	;# 
   948  031E                     	;# 
   949  038C                     	;# 
   950  038C                     	;# 
   951  038D                     	;# 
   952  038E                     	;# 
   953  058C                     	;# 
   954  058C                     	;# 
   955  058D                     	;# 
   956  058E                     	;# 
   957  058F                     	;# 
   958  058F                     	;# 
   959  0590                     	;# 
   960  0591                     	;# 
   961  0592                     	;# 
   962  0593                     	;# 
   963  059C                     	;# 
   964  059C                     	;# 
   965  059D                     	;# 
   966  059D                     	;# 
   967  059E                     	;# 
   968  059F                     	;# 
   969  060C                     	;# 
   970  060D                     	;# 
   971  060E                     	;# 
   972  060F                     	;# 
   973  0610                     	;# 
   974  0611                     	;# 
   975  0612                     	;# 
   976  0613                     	;# 
   977  0614                     	;# 
   978  070C                     	;# 
   979  070D                     	;# 
   980  070E                     	;# 
   981  070F                     	;# 
   982  0710                     	;# 
   983  0711                     	;# 
   984  0712                     	;# 
   985  0713                     	;# 
   986  0716                     	;# 
   987  0717                     	;# 
   988  0718                     	;# 
   989  0719                     	;# 
   990  071A                     	;# 
   991  071B                     	;# 
   992  071C                     	;# 
   993  071D                     	;# 
   994  0796                     	;# 
   995  0797                     	;# 
   996  0798                     	;# 
   997  0799                     	;# 
   998  079A                     	;# 
   999  079B                     	;# 
  1000  080C                     	;# 
  1001  080D                     	;# 
  1002  080E                     	;# 
  1003  080F                     	;# 
  1004  0810                     	;# 
  1005  0811                     	;# 
  1006  0812                     	;# 
  1007  0813                     	;# 
  1008  0814                     	;# 
  1009  081A                     	;# 
  1010  081A                     	;# 
  1011  081B                     	;# 
  1012  081C                     	;# 
  1013  081C                     	;# 
  1014  081D                     	;# 
  1015  081E                     	;# 
  1016  081F                     	;# 
  1017  088C                     	;# 
  1018  088D                     	;# 
  1019  088E                     	;# 
  1020  088F                     	;# 
  1021  0890                     	;# 
  1022  0891                     	;# 
  1023  0892                     	;# 
  1024  0893                     	;# 
  1025  0895                     	;# 
  1026  0896                     	;# 
  1027  090C                     	;# 
  1028  090E                     	;# 
  1029  090F                     	;# 
  1030  091F                     	;# 
  1031  098F                     	;# 
  1032  098F                     	;# 
  1033  0990                     	;# 
  1034  0991                     	;# 
  1035  0992                     	;# 
  1036  0993                     	;# 
  1037  1E0F                     	;# 
  1038  1E10                     	;# 
  1039  1E11                     	;# 
  1040  1E12                     	;# 
  1041  1E13                     	;# 
  1042  1E14                     	;# 
  1043  1E15                     	;# 
  1044  1E16                     	;# 
  1045  1E17                     	;# 
  1046  1E18                     	;# 
  1047  1E19                     	;# 
  1048  1E1A                     	;# 
  1049  1E1B                     	;# 
  1050  1E1C                     	;# 
  1051  1E1D                     	;# 
  1052  1E1E                     	;# 
  1053  1E1F                     	;# 
  1054  1E20                     	;# 
  1055  1E21                     	;# 
  1056  1E22                     	;# 
  1057  1E23                     	;# 
  1058  1E24                     	;# 
  1059  1E25                     	;# 
  1060  1E26                     	;# 
  1061  1E27                     	;# 
  1062  1E28                     	;# 
  1063  1E29                     	;# 
  1064  1E2A                     	;# 
  1065  1E2B                     	;# 
  1066  1E2C                     	;# 
  1067  1E2D                     	;# 
  1068  1E2E                     	;# 
  1069  1E2F                     	;# 
  1070  1E30                     	;# 
  1071  1E31                     	;# 
  1072  1E32                     	;# 
  1073  1E33                     	;# 
  1074  1E34                     	;# 
  1075  1E35                     	;# 
  1076  1E36                     	;# 
  1077  1E37                     	;# 
  1078  1E8F                     	;# 
  1079  1E90                     	;# 
  1080  1E91                     	;# 
  1081  1E92                     	;# 
  1082  1E93                     	;# 
  1083  1E9C                     	;# 
  1084  1EA1                     	;# 
  1085  1EA2                     	;# 
  1086  1EB1                     	;# 
  1087  1EBB                     	;# 
  1088  1EBC                     	;# 
  1089  1EBD                     	;# 
  1090  1EBE                     	;# 
  1091  1EC3                     	;# 
  1092  1EC5                     	;# 
  1093  1EC6                     	;# 
  1094  1EC7                     	;# 
  1095  1ECB                     	;# 
  1096  1ECC                     	;# 
  1097  1F10                     	;# 
  1098  1F11                     	;# 
  1099  1F12                     	;# 
  1100  1F13                     	;# 
  1101  1F14                     	;# 
  1102  1F15                     	;# 
  1103  1F38                     	;# 
  1104  1F39                     	;# 
  1105  1F3A                     	;# 
  1106  1F3B                     	;# 
  1107  1F3C                     	;# 
  1108  1F3D                     	;# 
  1109  1F3E                     	;# 
  1110  1F3F                     	;# 
  1111  1FE4                     	;# 
  1112  1FE5                     	;# 
  1113  1FE6                     	;# 
  1114  1FE7                     	;# 
  1115  1FE8                     	;# 
  1116  1FE8                     	;# 
  1117  1FE9                     	;# 
  1118  1FEA                     	;# 
  1119  1FEA                     	;# 
  1120  1FEB                     	;# 
  1121  1FED                     	;# 
  1122  1FEE                     	;# 
  1123  1FEF                     	;# 
  1124  0012                     _TRISA	set	18
  1125  0018                     _LATA	set	24
  1126  0018                     _LATAbits	set	24
  1127  009D                     _ADCON0bits	set	157
  1128  009D                     _ADCON0	set	157
  1129  009C                     _ADRESH	set	156
  1130  009B                     _ADRESL	set	155
  1131  009E                     _ADCON1	set	158
  1132  079B                     _PMD5	set	1947
  1133  079A                     _PMD4	set	1946
  1134  0799                     _PMD3	set	1945
  1135  0798                     _PMD2	set	1944
  1136  0797                     _PMD1	set	1943
  1137  0796                     _PMD0	set	1942
  1138  0892                     _OSCTUNE	set	2194
  1139  0890                     _OSCSTAT	set	2192
  1140  0893                     _OSCFRQ	set	2195
  1141  0891                     _OSCEN	set	2193
  1142  088F                     _OSCCON3	set	2191
  1143  088D                     _OSCCON1	set	2189
  1144  1F3C                     _INLVLA	set	7996
  1145  1F3B                     _SLRCONA	set	7995
  1146  1F3A                     _ODCONA	set	7994
  1147  1F39                     _WPUA	set	7993
  1148  1F38                     _ANSELA	set	7992
  1149                           
  1150                           	psect	cinit
  1151  07FC                     start_initialization:	
  1152                           ; #config settings
  1153                           
  1154  07FC                     __initialization:
  1155                           
  1156                           ; Clear objects allocated to COMMON
  1157  07FC  01F4               	clrf	__pbssCOMMON& (0+127)
  1158  07FD  01F5               	clrf	(__pbssCOMMON+1)& (0+127)
  1159  07FE                     end_of_initialization:	
  1160                           ;End of C runtime variable initialization code
  1161                           
  1162  07FE                     __end_of__initialization:
  1163  07FE  0140               	movlb	0
  1164  07FF  2FE2               	ljmp	_main	;jump to C main() function
  1165                           
  1166                           	psect	bssCOMMON
  1167  0074                     __pbssCOMMON:
  1168  0074                     _ADC_InterruptHandler:
  1169  0074                     	ds	2
  1170                           
  1171                           	psect	cstackCOMMON
  1172  0070                     __pcstackCOMMON:
  1173  0070                     ?_PMD_Initialize:
  1174  0070                     ??_PMD_Initialize:	
  1175                           ; 1 bytes @ 0x0
  1176                           
  1177  0070                     ?_PIN_MANAGER_Initialize:	
  1178                           ; 1 bytes @ 0x0
  1179                           
  1180  0070                     ??_PIN_MANAGER_Initialize:	
  1181                           ; 1 bytes @ 0x0
  1182                           
  1183  0070                     ?_OSCILLATOR_Initialize:	
  1184                           ; 1 bytes @ 0x0
  1185                           
  1186  0070                     ??_OSCILLATOR_Initialize:	
  1187                           ; 1 bytes @ 0x0
  1188                           
  1189  0070                     ?_ADC_Initialize:	
  1190                           ; 1 bytes @ 0x0
  1191                           
  1192  0070                     ??_ADC_Initialize:	
  1193                           ; 1 bytes @ 0x0
  1194                           
  1195  0070                     ?_SYSTEM_Initialize:	
  1196                           ; 1 bytes @ 0x0
  1197                           
  1198  0070                     ??_SYSTEM_Initialize:	
  1199                           ; 1 bytes @ 0x0
  1200                           
  1201  0070                     ?_main:	
  1202                           ; 1 bytes @ 0x0
  1203                           
  1204  0070                     ?_ADC_GetConversion:	
  1205                           ; 1 bytes @ 0x0
  1206                           
  1207                           
  1208                           ; 2 bytes @ 0x0
  1209  0070                     	ds	2
  1210  0072                     ??_ADC_GetConversion:
  1211                           
  1212                           ; 1 bytes @ 0x2
  1213  0072                     	ds	1
  1214  0073                     ADC_GetConversion@channel:
  1215                           
  1216                           ; 1 bytes @ 0x3
  1217  0073                     	ds	1
  1218  0074                     ??_main:
  1219                           
  1220                           	psect	maintext
  1221  07E2                     __pmaintext:	
  1222                           ; 1 bytes @ 0x4
  1223 ;;
  1224 ;;Main: autosize = 0, tempsize = 0, incstack = 0, save=0
  1225 ;;
  1226 ;; *************** function _main *****************
  1227 ;; Defined at:
  1228 ;;		line 49 in file "main.c"
  1229 ;; Parameters:    Size  Location     Type
  1230 ;;		None
  1231 ;; Auto vars:     Size  Location     Type
  1232 ;;		None
  1233 ;; Return value:  Size  Location     Type
  1234 ;;                  1    wreg      void 
  1235 ;; Registers used:
  1236 ;;		wreg, status,2, status,0, pclath, cstack
  1237 ;; Tracked objects:
  1238 ;;		On entry : B3F/0
  1239 ;;		On exit  : 0/0
  1240 ;;		Unchanged: 0/0
  1241 ;; Data sizes:     COMMON   BANK0   BANK1   BANK2
  1242 ;;      Params:         0       0       0       0
  1243 ;;      Locals:         0       0       0       0
  1244 ;;      Temps:          0       0       0       0
  1245 ;;      Totals:         0       0       0       0
  1246 ;;Total ram usage:        0 bytes
  1247 ;; Hardware stack levels required when called: 2
  1248 ;; This function calls:
  1249 ;;		_ADC_GetConversion
  1250 ;;		_ADC_Initialize
  1251 ;;		_SYSTEM_Initialize
  1252 ;; This function is called by:
  1253 ;;		Startup code after reset
  1254 ;; This function uses a non-reentrant model
  1255 ;;
  1256                           
  1257                           
  1258                           ;psect for function _main
  1259  07E2                     _main:
  1260  07E2                     l725:	
  1261                           ;incstack = 0
  1262                           ; Regs used in _main: [wreg+status,2+status,0+pclath+cstack]
  1263                           
  1264                           
  1265                           ;main.c: 52:     SYSTEM_Initialize();
  1266  07E2  3187  27AF  3187   	fcall	_SYSTEM_Initialize
  1267  07E5                     l92:	
  1268                           ;main.c: 69:     while (1)
  1269                           
  1270                           
  1271                           ;main.c: 70:     {;main.c: 71:         ADC_Initialize();
  1272  07E5  3187  2795  3187   	fcall	_ADC_Initialize
  1273                           
  1274                           ;main.c: 73:         if (ADC_GetConversion(Pot_A0) < 512) {
  1275  07E8  3000               	movlw	0
  1276  07E9  3187  27CA  3187   	fcall	_ADC_GetConversion
  1277  07EC  3002               	movlw	2
  1278  07ED  0271               	subwf	?_ADC_GetConversion+1,w
  1279  07EE  3000               	movlw	0
  1280  07EF  1903               	skipnz
  1281  07F0  0270               	subwf	?_ADC_GetConversion,w
  1282  07F1  1803               	skipnc
  1283  07F2  2FF4               	goto	u41
  1284  07F3  2FF5               	goto	u40
  1285  07F4                     u41:
  1286  07F4  2FF8               	goto	l97
  1287  07F5                     u40:
  1288  07F5                     l94:	
  1289                           ;main.c: 74:             do { LATAbits.LATA5 = 1; } while(0);
  1290                           
  1291  07F5  0140               	movlb	0	; select bank0
  1292  07F6  1698               	bsf	24,5	;volatile
  1293  07F7  2FE5               	goto	l92
  1294  07F8                     l97:	
  1295                           ;main.c: 76:             do { LATAbits.LATA5 = 0; } while(0);
  1296                           
  1297  07F8  0140               	movlb	0	; select bank0
  1298  07F9  1298               	bcf	24,5	;volatile
  1299  07FA  2FE5               	goto	l92
  1300  07FB  2801               	ljmp	start
  1301  07FC                     __end_of_main:
  1302                           
  1303                           	psect	text1
  1304  07AF                     __ptext1:	
  1305 ;; *************** function _SYSTEM_Initialize *****************
  1306 ;; Defined at:
  1307 ;;		line 50 in file "mcc_generated_files/mcc.c"
  1308 ;; Parameters:    Size  Location     Type
  1309 ;;		None
  1310 ;; Auto vars:     Size  Location     Type
  1311 ;;		None
  1312 ;; Return value:  Size  Location     Type
  1313 ;;                  1    wreg      void 
  1314 ;; Registers used:
  1315 ;;		wreg, status,2, status,0, pclath, cstack
  1316 ;; Tracked objects:
  1317 ;;		On entry : 0/0
  1318 ;;		On exit  : 0/0
  1319 ;;		Unchanged: 0/0
  1320 ;; Data sizes:     COMMON   BANK0   BANK1   BANK2
  1321 ;;      Params:         0       0       0       0
  1322 ;;      Locals:         0       0       0       0
  1323 ;;      Temps:          0       0       0       0
  1324 ;;      Totals:         0       0       0       0
  1325 ;;Total ram usage:        0 bytes
  1326 ;; Hardware stack levels used: 1
  1327 ;; Hardware stack levels required when called: 1
  1328 ;; This function calls:
  1329 ;;		_ADC_Initialize
  1330 ;;		_OSCILLATOR_Initialize
  1331 ;;		_PIN_MANAGER_Initialize
  1332 ;;		_PMD_Initialize
  1333 ;; This function is called by:
  1334 ;;		_main
  1335 ;; This function uses a non-reentrant model
  1336 ;;
  1337                           
  1338                           
  1339                           ;psect for function _SYSTEM_Initialize
  1340  07AF                     _SYSTEM_Initialize:
  1341  07AF                     l687:	
  1342                           ;incstack = 0
  1343                           ; Regs used in _SYSTEM_Initialize: [wreg+status,2+status,0+pclath+cstack]
  1344                           
  1345                           
  1346                           ;mcc_generated_files/mcc.c: 52:     PMD_Initialize();
  1347  07AF  3187  279D  3187   	fcall	_PMD_Initialize
  1348  07B2                     l689:
  1349                           
  1350                           ;mcc_generated_files/mcc.c: 53:     PIN_MANAGER_Initialize();
  1351  07B2  3187  27BC  3187   	fcall	_PIN_MANAGER_Initialize
  1352  07B5                     l691:
  1353                           
  1354                           ;mcc_generated_files/mcc.c: 54:     OSCILLATOR_Initialize();
  1355  07B5  3187  27A5  3187   	fcall	_OSCILLATOR_Initialize
  1356  07B8                     l693:
  1357                           
  1358                           ;mcc_generated_files/mcc.c: 55:     ADC_Initialize();
  1359  07B8  3187  2795  3187   	fcall	_ADC_Initialize
  1360  07BB                     l73:
  1361  07BB  0008               	return
  1362  07BC                     __end_of_SYSTEM_Initialize:
  1363                           
  1364                           	psect	text2
  1365  079D                     __ptext2:	
  1366 ;; *************** function _PMD_Initialize *****************
  1367 ;; Defined at:
  1368 ;;		line 74 in file "mcc_generated_files/mcc.c"
  1369 ;; Parameters:    Size  Location     Type
  1370 ;;		None
  1371 ;; Auto vars:     Size  Location     Type
  1372 ;;		None
  1373 ;; Return value:  Size  Location     Type
  1374 ;;                  1    wreg      void 
  1375 ;; Registers used:
  1376 ;;		status,2
  1377 ;; Tracked objects:
  1378 ;;		On entry : 0/0
  1379 ;;		On exit  : 0/0
  1380 ;;		Unchanged: 0/0
  1381 ;; Data sizes:     COMMON   BANK0   BANK1   BANK2
  1382 ;;      Params:         0       0       0       0
  1383 ;;      Locals:         0       0       0       0
  1384 ;;      Temps:          0       0       0       0
  1385 ;;      Totals:         0       0       0       0
  1386 ;;Total ram usage:        0 bytes
  1387 ;; Hardware stack levels used: 1
  1388 ;; This function calls:
  1389 ;;		Nothing
  1390 ;; This function is called by:
  1391 ;;		_SYSTEM_Initialize
  1392 ;; This function uses a non-reentrant model
  1393 ;;
  1394                           
  1395                           
  1396                           ;psect for function _PMD_Initialize
  1397  079D                     _PMD_Initialize:
  1398  079D                     l653:	
  1399                           ;incstack = 0
  1400                           ; Regs used in _PMD_Initialize: [status,2]
  1401                           
  1402                           
  1403                           ;mcc_generated_files/mcc.c: 77:     PMD0 = 0x00;
  1404  079D  014F               	movlb	15	; select bank15
  1405  079E  0196               	clrf	22	;volatile
  1406                           
  1407                           ;mcc_generated_files/mcc.c: 79:     PMD1 = 0x00;
  1408  079F  0197               	clrf	23	;volatile
  1409                           
  1410                           ;mcc_generated_files/mcc.c: 81:     PMD2 = 0x00;
  1411  07A0  0198               	clrf	24	;volatile
  1412                           
  1413                           ;mcc_generated_files/mcc.c: 83:     PMD3 = 0x00;
  1414  07A1  0199               	clrf	25	;volatile
  1415                           
  1416                           ;mcc_generated_files/mcc.c: 85:     PMD4 = 0x00;
  1417  07A2  019A               	clrf	26	;volatile
  1418                           
  1419                           ;mcc_generated_files/mcc.c: 87:     PMD5 = 0x00;
  1420  07A3  019B               	clrf	27	;volatile
  1421  07A4                     l79:
  1422  07A4  0008               	return
  1423  07A5                     __end_of_PMD_Initialize:
  1424                           
  1425                           	psect	text3
  1426  07BC                     __ptext3:	
  1427 ;; *************** function _PIN_MANAGER_Initialize *****************
  1428 ;; Defined at:
  1429 ;;		line 55 in file "mcc_generated_files/pin_manager.c"
  1430 ;; Parameters:    Size  Location     Type
  1431 ;;		None
  1432 ;; Auto vars:     Size  Location     Type
  1433 ;;		None
  1434 ;; Return value:  Size  Location     Type
  1435 ;;                  1    wreg      void 
  1436 ;; Registers used:
  1437 ;;		wreg, status,2
  1438 ;; Tracked objects:
  1439 ;;		On entry : 0/0
  1440 ;;		On exit  : 0/0
  1441 ;;		Unchanged: 0/0
  1442 ;; Data sizes:     COMMON   BANK0   BANK1   BANK2
  1443 ;;      Params:         0       0       0       0
  1444 ;;      Locals:         0       0       0       0
  1445 ;;      Temps:          0       0       0       0
  1446 ;;      Totals:         0       0       0       0
  1447 ;;Total ram usage:        0 bytes
  1448 ;; Hardware stack levels used: 1
  1449 ;; This function calls:
  1450 ;;		Nothing
  1451 ;; This function is called by:
  1452 ;;		_SYSTEM_Initialize
  1453 ;; This function uses a non-reentrant model
  1454 ;;
  1455                           
  1456                           
  1457                           ;psect for function _PIN_MANAGER_Initialize
  1458  07BC                     _PIN_MANAGER_Initialize:
  1459  07BC                     l655:	
  1460                           ;incstack = 0
  1461                           ; Regs used in _PIN_MANAGER_Initialize: [wreg+status,2]
  1462                           
  1463                           
  1464                           ;mcc_generated_files/pin_manager.c: 60:     LATA = 0x00;
  1465  07BC  0140               	movlb	0	; select bank0
  1466  07BD  0198               	clrf	24	;volatile
  1467  07BE                     l657:
  1468                           
  1469                           ;mcc_generated_files/pin_manager.c: 65:     TRISA = 0x17;
  1470  07BE  3017               	movlw	23
  1471  07BF  0092               	movwf	18	;volatile
  1472  07C0                     l659:
  1473                           
  1474                           ;mcc_generated_files/pin_manager.c: 70:     ANSELA = 0x17;
  1475  07C0  3017               	movlw	23
  1476  07C1  017E               	movlb	62	; select bank62
  1477  07C2  00B8               	movwf	56	;volatile
  1478                           
  1479                           ;mcc_generated_files/pin_manager.c: 75:     WPUA = 0x00;
  1480  07C3  01B9               	clrf	57	;volatile
  1481                           
  1482                           ;mcc_generated_files/pin_manager.c: 80:     ODCONA = 0x00;
  1483  07C4  01BA               	clrf	58	;volatile
  1484  07C5                     l661:
  1485                           
  1486                           ;mcc_generated_files/pin_manager.c: 85:     SLRCONA = 0x37;
  1487  07C5  3037               	movlw	55
  1488  07C6  00BB               	movwf	59	;volatile
  1489  07C7                     l663:
  1490                           
  1491                           ;mcc_generated_files/pin_manager.c: 90:     INLVLA = 0x3F;
  1492  07C7  303F               	movlw	63
  1493  07C8  00BC               	movwf	60	;volatile
  1494  07C9                     l118:
  1495  07C9  0008               	return
  1496  07CA                     __end_of_PIN_MANAGER_Initialize:
  1497                           
  1498                           	psect	text4
  1499  07A5                     __ptext4:	
  1500 ;; *************** function _OSCILLATOR_Initialize *****************
  1501 ;; Defined at:
  1502 ;;		line 58 in file "mcc_generated_files/mcc.c"
  1503 ;; Parameters:    Size  Location     Type
  1504 ;;		None
  1505 ;; Auto vars:     Size  Location     Type
  1506 ;;		None
  1507 ;; Return value:  Size  Location     Type
  1508 ;;                  1    wreg      void 
  1509 ;; Registers used:
  1510 ;;		wreg, status,2
  1511 ;; Tracked objects:
  1512 ;;		On entry : 0/0
  1513 ;;		On exit  : 0/0
  1514 ;;		Unchanged: 0/0
  1515 ;; Data sizes:     COMMON   BANK0   BANK1   BANK2
  1516 ;;      Params:         0       0       0       0
  1517 ;;      Locals:         0       0       0       0
  1518 ;;      Temps:          0       0       0       0
  1519 ;;      Totals:         0       0       0       0
  1520 ;;Total ram usage:        0 bytes
  1521 ;; Hardware stack levels used: 1
  1522 ;; This function calls:
  1523 ;;		Nothing
  1524 ;; This function is called by:
  1525 ;;		_SYSTEM_Initialize
  1526 ;; This function uses a non-reentrant model
  1527 ;;
  1528                           
  1529                           
  1530                           ;psect for function _OSCILLATOR_Initialize
  1531  07A5                     _OSCILLATOR_Initialize:
  1532  07A5                     l665:	
  1533                           ;incstack = 0
  1534                           ; Regs used in _OSCILLATOR_Initialize: [wreg+status,2]
  1535                           
  1536                           
  1537                           ;mcc_generated_files/mcc.c: 61:     OSCCON1 = 0x62;
  1538  07A5  3062               	movlw	98
  1539  07A6  0151               	movlb	17	; select bank17
  1540  07A7  008D               	movwf	13	;volatile
  1541  07A8                     l667:
  1542                           
  1543                           ;mcc_generated_files/mcc.c: 63:     OSCCON3 = 0x00;
  1544  07A8  018F               	clrf	15	;volatile
  1545  07A9                     l669:
  1546                           
  1547                           ;mcc_generated_files/mcc.c: 65:     OSCEN = 0x00;
  1548  07A9  0191               	clrf	17	;volatile
  1549                           
  1550                           ;mcc_generated_files/mcc.c: 67:     OSCFRQ = 0x02;
  1551  07AA  3002               	movlw	2
  1552  07AB  0093               	movwf	19	;volatile
  1553  07AC                     l671:
  1554                           
  1555                           ;mcc_generated_files/mcc.c: 69:     OSCSTAT = 0x00;
  1556  07AC  0190               	clrf	16	;volatile
  1557  07AD                     l673:
  1558                           
  1559                           ;mcc_generated_files/mcc.c: 71:     OSCTUNE = 0x00;
  1560  07AD  0192               	clrf	18	;volatile
  1561  07AE                     l76:
  1562  07AE  0008               	return
  1563  07AF                     __end_of_OSCILLATOR_Initialize:
  1564                           
  1565                           	psect	text5
  1566  0795                     __ptext5:	
  1567 ;; *************** function _ADC_Initialize *****************
  1568 ;; Defined at:
  1569 ;;		line 67 in file "mcc_generated_files/adc.c"
  1570 ;; Parameters:    Size  Location     Type
  1571 ;;		None
  1572 ;; Auto vars:     Size  Location     Type
  1573 ;;		None
  1574 ;; Return value:  Size  Location     Type
  1575 ;;                  1    wreg      void 
  1576 ;; Registers used:
  1577 ;;		wreg, status,2
  1578 ;; Tracked objects:
  1579 ;;		On entry : 0/0
  1580 ;;		On exit  : 0/0
  1581 ;;		Unchanged: 0/0
  1582 ;; Data sizes:     COMMON   BANK0   BANK1   BANK2
  1583 ;;      Params:         0       0       0       0
  1584 ;;      Locals:         0       0       0       0
  1585 ;;      Temps:          0       0       0       0
  1586 ;;      Totals:         0       0       0       0
  1587 ;;Total ram usage:        0 bytes
  1588 ;; Hardware stack levels used: 1
  1589 ;; This function calls:
  1590 ;;		Nothing
  1591 ;; This function is called by:
  1592 ;;		_SYSTEM_Initialize
  1593 ;;		_main
  1594 ;; This function uses a non-reentrant model
  1595 ;;
  1596                           
  1597                           
  1598                           ;psect for function _ADC_Initialize
  1599  0795                     _ADC_Initialize:
  1600  0795                     l647:	
  1601                           ;incstack = 0
  1602                           ; Regs used in _ADC_Initialize: [wreg+status,2]
  1603                           
  1604                           
  1605                           ;mcc_generated_files/adc.c: 72:     ADCON1 = 0x80;
  1606  0795  3080               	movlw	128
  1607  0796  0141               	movlb	1	; select bank1
  1608  0797  009E               	movwf	30	;volatile
  1609  0798                     l649:
  1610                           
  1611                           ;mcc_generated_files/adc.c: 75:     ADRESL = 0x00;
  1612  0798  019B               	clrf	27	;volatile
  1613  0799                     l651:
  1614                           
  1615                           ;mcc_generated_files/adc.c: 78:     ADRESH = 0x00;
  1616  0799  019C               	clrf	28	;volatile
  1617                           
  1618                           ;mcc_generated_files/adc.c: 81:     ADCON0 = 0x01;
  1619  079A  3001               	movlw	1
  1620  079B  009D               	movwf	29	;volatile
  1621  079C                     l17:
  1622  079C  0008               	return
  1623  079D                     __end_of_ADC_Initialize:
  1624                           
  1625                           	psect	text6
  1626  07CA                     __ptext6:	
  1627 ;; *************** function _ADC_GetConversion *****************
  1628 ;; Defined at:
  1629 ;;		line 112 in file "mcc_generated_files/adc.c"
  1630 ;; Parameters:    Size  Location     Type
  1631 ;;  channel         1    wreg     enum E5862
  1632 ;; Auto vars:     Size  Location     Type
  1633 ;;  channel         1    3[COMMON] enum E5862
  1634 ;; Return value:  Size  Location     Type
  1635 ;;                  2    0[COMMON] unsigned short 
  1636 ;; Registers used:
  1637 ;;		wreg, status,2, status,0
  1638 ;; Tracked objects:
  1639 ;;		On entry : 0/0
  1640 ;;		On exit  : 0/0
  1641 ;;		Unchanged: 0/0
  1642 ;; Data sizes:     COMMON   BANK0   BANK1   BANK2
  1643 ;;      Params:         2       0       0       0
  1644 ;;      Locals:         1       0       0       0
  1645 ;;      Temps:          1       0       0       0
  1646 ;;      Totals:         4       0       0       0
  1647 ;;Total ram usage:        4 bytes
  1648 ;; Hardware stack levels used: 1
  1649 ;; This function calls:
  1650 ;;		Nothing
  1651 ;; This function is called by:
  1652 ;;		_main
  1653 ;; This function uses a non-reentrant model
  1654 ;;
  1655                           
  1656                           
  1657                           ;psect for function _ADC_GetConversion
  1658  07CA                     _ADC_GetConversion:
  1659                           
  1660                           ;incstack = 0
  1661                           ; Regs used in _ADC_GetConversion: [wreg+status,2+status,0]
  1662                           ;ADC_GetConversion@channel stored from wreg
  1663  07CA  00F3               	movwf	ADC_GetConversion@channel
  1664  07CB                     l713:
  1665                           
  1666                           ;mcc_generated_files/adc.c: 112: adc_result_t ADC_GetConversion(adc_channel_t channel);m
      +                          cc_generated_files/adc.c: 113: {;mcc_generated_files/adc.c: 115:     ADCON0bits.CHS = ch
      +                          annel;
  1667  07CB  0873               	movf	ADC_GetConversion@channel,w
  1668  07CC  00F2               	movwf	??_ADC_GetConversion
  1669  07CD  0DF2               	rlf	??_ADC_GetConversion,f
  1670  07CE  0DF2               	rlf	??_ADC_GetConversion,f
  1671  07CF  0141               	movlb	1	; select bank1
  1672  07D0  081D               	movf	29,w	;volatile
  1673  07D1  0672               	xorwf	??_ADC_GetConversion,w
  1674  07D2  3903               	andlw	-253
  1675  07D3  0672               	xorwf	??_ADC_GetConversion,w
  1676  07D4  009D               	movwf	29	;volatile
  1677  07D5                     l715:
  1678                           
  1679                           ;mcc_generated_files/adc.c: 118:     ADCON0bits.ADON = 1;
  1680  07D5  141D               	bsf	29,0	;volatile
  1681  07D6                     l717:
  1682                           
  1683                           ;mcc_generated_files/adc.c: 121:     _delay((unsigned long)((5)*(1000000/4000000.0)));
  1684  07D6  0000               	nop
  1685  07D7                     l719:
  1686                           
  1687                           ;mcc_generated_files/adc.c: 124:     ADCON0bits.GOnDONE = 1;
  1688  07D7  0141               	movlb	1	; select bank1
  1689  07D8  149D               	bsf	29,1	;volatile
  1690  07D9                     l32:	
  1691                           ;mcc_generated_files/adc.c: 128:     {;mcc_generated_files/adc.c: 129:     }
  1692                           
  1693                           
  1694                           ;mcc_generated_files/adc.c: 127:     while (ADCON0bits.GOnDONE)
  1695  07D9  189D               	btfsc	29,1	;volatile
  1696  07DA  2FDC               	goto	u31
  1697  07DB  2FDD               	goto	u30
  1698  07DC                     u31:
  1699  07DC  2FD9               	goto	l32
  1700  07DD                     u30:
  1701  07DD                     l721:
  1702                           
  1703                           ;mcc_generated_files/adc.c: 132:     return ((adc_result_t)((ADRESH << 8) + ADRESL));
  1704  07DD  081C               	movf	28,w	;volatile
  1705  07DE  00F1               	movwf	?_ADC_GetConversion+1
  1706  07DF  081B               	movf	27,w	;volatile
  1707  07E0  00F0               	movwf	?_ADC_GetConversion
  1708  07E1                     l35:
  1709  07E1  0008               	return
  1710  07E2                     __end_of_ADC_GetConversion:
  1711  007E                     btemp	set	126	;btemp
  1712  007E                     wtemp0	set	126
  1713                           
  1714                           	psect	config
  1715                           
  1716                           ;Config register CONFIG1 @ 0x8007
  1717                           ;	External Oscillator mode selection bits
  1718                           ;	FEXTOSC = OFF, Oscillator not enabled
  1719                           ;	Power-up default value for COSC bits
  1720                           ;	RSTOSC = HFINT1, HFINTOSC (1MHz)
  1721                           ;	Clock Out Enable bit
  1722                           ;	CLKOUTEN = OFF, CLKOUT function is disabled; i/o or oscillator function on OSC2
  1723                           ;	Clock Switch Enable bit
  1724                           ;	CSWEN = ON, Writing to NOSC and NDIV is allowed
  1725                           ;	Fail-Safe Clock Monitor Enable bit
  1726                           ;	FCMEN = ON, FSCM timer enabled
  1727  8007                     	org	32775
  1728  8007  3FEC               	dw	16364
  1729                           
  1730                           ;Config register CONFIG2 @ 0x8008
  1731                           ;	Master Clear Enable bit
  1732                           ;	MCLRE = ON, MCLR pin is Master Clear function
  1733                           ;	Power-up Timer Enable bit
  1734                           ;	PWRTE = OFF, PWRT disabled
  1735                           ;	Low-Power BOR enable bit
  1736                           ;	LPBOREN = OFF, ULPBOR disabled
  1737                           ;	Brown-out reset enable bits
  1738                           ;	BOREN = ON, Brown-out Reset Enabled, SBOREN bit is ignored
  1739                           ;	Brown-out Reset Voltage Selection
  1740                           ;	BORV = LO, Brown-out Reset Voltage (VBOR) set to 1.9V on LF, and 2.45V on F Devices
  1741                           ;	Zero-cross detect disable
  1742                           ;	ZCD = OFF, Zero-cross detect circuit is disabled at POR.
  1743                           ;	Peripheral Pin Select one-way control
  1744                           ;	PPS1WAY = ON, The PPSLOCK bit can be cleared and set only once in software
  1745                           ;	Stack Overflow/Underflow Reset Enable bit
  1746                           ;	STVREN = ON, Stack Overflow or Underflow will cause a reset
  1747  8008                     	org	32776
  1748  8008  3FFF               	dw	16383
  1749                           
  1750                           ;Config register CONFIG3 @ 0x8009
  1751                           ;	WDT Period Select bits
  1752                           ;	WDTCPS = WDTCPS_31, Divider ratio 1:65536; software control of WDTPS
  1753                           ;	WDT operating mode
  1754                           ;	WDTE = OFF, WDT Disabled, SWDTEN is ignored
  1755                           ;	WDT Window Select bits
  1756                           ;	WDTCWS = WDTCWS_7, window always open (100%); software control; keyed access not requi
      +                          red
  1757                           ;	WDT input clock selector
  1758                           ;	WDTCCS = SC, Software Control
  1759  8009                     	org	32777
  1760  8009  3F9F               	dw	16287
  1761                           
  1762                           ;Config register CONFIG4 @ 0x800A
  1763                           ;	Boot Block Size Selection bits
  1764                           ;	BBSIZE = BB512, 512 words boot block size
  1765                           ;	Boot Block Enable bit
  1766                           ;	BBEN = OFF, Boot Block disabled
  1767                           ;	SAF Enable bit
  1768                           ;	SAFEN = OFF, SAF disabled
  1769                           ;	Application Block Write Protection bit
  1770                           ;	WRTAPP = OFF, Application Block not write protected
  1771                           ;	Boot Block Write Protection bit
  1772                           ;	WRTB = OFF, Boot Block not write protected
  1773                           ;	Configuration Register Write Protection bit
  1774                           ;	WRTC = OFF, Configuration Register not write protected
  1775                           ;	Storage Area Flash Write Protection bit
  1776                           ;	WRTSAF = OFF, SAF not write protected
  1777                           ;	Low Voltage Programming Enable bit
  1778                           ;	LVP = ON, Low Voltage programming enabled. MCLR/Vpp pin function is MCLR.
  1779  800A                     	org	32778
  1780  800A  3FFF               	dw	16383
  1781                           
  1782                           ;Config register CONFIG5 @ 0x800B
  1783                           ;	UserNVM Program memory code protection bit
  1784                           ;	CP = OFF, UserNVM code protection disabled
  1785  800B                     	org	32779
  1786  800B  3FFF               	dw	16383

Data Sizes:
    Strings     0
    Constant    0
    Data        0
    BSS         2
    Persistent  32
    Stack       0

Auto Spaces:
    Space          Size  Autos    Used
    COMMON           14      4       6
    BANK0            80      0       0
    BANK1            80      0       0
    BANK2            80      0       0

Pointer List with Targets:

    ADC_InterruptHandler	PTR FTN()void  size(2) Largest target is 1
		 -> Absolute function(), 


Critical Paths under _main in COMMON

    _main->_ADC_GetConversion

Critical Paths under _main in BANK0

    None.

Critical Paths under _main in BANK1

    None.

Critical Paths under _main in BANK2

    None.

Call Graph Tables:

 ---------------------------------------------------------------------------------
 (Depth) Function   	        Calls       Base Space   Used Autos Params    Refs
 ---------------------------------------------------------------------------------
 (0) _main                                                 0     0      0      22
                  _ADC_GetConversion
                     _ADC_Initialize
                  _SYSTEM_Initialize
 ---------------------------------------------------------------------------------
 (1) _SYSTEM_Initialize                                    0     0      0       0
                     _ADC_Initialize
              _OSCILLATOR_Initialize
             _PIN_MANAGER_Initialize
                     _PMD_Initialize
 ---------------------------------------------------------------------------------
 (2) _PMD_Initialize                                       0     0      0       0
 ---------------------------------------------------------------------------------
 (2) _PIN_MANAGER_Initialize                               0     0      0       0
 ---------------------------------------------------------------------------------
 (2) _OSCILLATOR_Initialize                                0     0      0       0
 ---------------------------------------------------------------------------------
 (2) _ADC_Initialize                                       0     0      0       0
 ---------------------------------------------------------------------------------
 (1) _ADC_GetConversion                                    4     2      2      22
                                              0 COMMON     4     2      2
 ---------------------------------------------------------------------------------
 Estimated maximum stack depth 2
 ---------------------------------------------------------------------------------

 Call Graph Graphs:

 _main (ROOT)
   _ADC_GetConversion
   _ADC_Initialize
   _SYSTEM_Initialize
     _ADC_Initialize
     _OSCILLATOR_Initialize
     _PIN_MANAGER_Initialize
     _PMD_Initialize

 Address spaces:
Name               Size   Autos  Total    Cost      Usage
BIGRAM              F0      0       0       0        0.0%
NULL                 0      0       0       0        0.0%
CODE                 0      0       0       0        0.0%
BITCOMMON            E      0       0       1        0.0%
BITSFR0              0      0       0       1        0.0%
SFR0                 0      0       0       1        0.0%
COMMON               E      4       6       2       42.9%
BITSFR1              0      0       0       2        0.0%
SFR1                 0      0       0       2        0.0%
BITSFR2              0      0       0       3        0.0%
SFR2                 0      0       0       3        0.0%
STACK                0      0       0       3        0.0%
BITBANK0            50      0       0       4        0.0%
BITSFR3              0      0       0       4        0.0%
SFR3                 0      0       0       4        0.0%
BANK0               50      0       0       5        0.0%
BITSFR4              0      0       0       5        0.0%
SFR4                 0      0       0       5        0.0%
BITBANK1            50      0       0       6        0.0%
BITSFR5              0      0       0       6        0.0%
SFR5                 0      0       0       6        0.0%
BANK1               50      0       0       7        0.0%
BITSFR6              0      0       0       7        0.0%
SFR6                 0      0       0       7        0.0%
BITBANK2            50      0       0       8        0.0%
BITSFR7              0      0       0       8        0.0%
SFR7                 0      0       0       8        0.0%
BANK2               50      0       0       9        0.0%
BITSFR8              0      0       0       9        0.0%
SFR8                 0      0       0       9        0.0%
BITSFR9              0      0       0      10        0.0%
SFR9                 0      0       0      10        0.0%
ABS                  0      0       6      10        0.0%
BITSFR10             0      0       0      11        0.0%
SFR10                0      0       0      11        0.0%
DATA                 0      0       6      11        0.0%
BITSFR11             0      0       0      12        0.0%
SFR11                0      0       0      12        0.0%
BITSFR12             0      0       0      13        0.0%
SFR12                0      0       0      13        0.0%
BITSFR13             0      0       0      14        0.0%
SFR13                0      0       0      14        0.0%
BITSFR14             0      0       0      15        0.0%
SFR14                0      0       0      15        0.0%
BITSFR15             0      0       0      16        0.0%
SFR15                0      0       0      16        0.0%
BITSFR16             0      0       0      17        0.0%
SFR16                0      0       0      17        0.0%
BITSFR17             0      0       0      18        0.0%
SFR17                0      0       0      18        0.0%
BITSFR18             0      0       0      19        0.0%
SFR18                0      0       0      19        0.0%
BITSFR19             0      0       0      20        0.0%
SFR19                0      0       0      20        0.0%
BITSFR20             0      0       0      21        0.0%
SFR20                0      0       0      21        0.0%
BITSFR21             0      0       0      22        0.0%
SFR21                0      0       0      22        0.0%
BITSFR22             0      0       0      23        0.0%
SFR22                0      0       0      23        0.0%
BITSFR23             0      0       0      24        0.0%
SFR23                0      0       0      24        0.0%
BITSFR24             0      0       0      25        0.0%
SFR24                0      0       0      25        0.0%
BITSFR25             0      0       0      26        0.0%
SFR25                0      0       0      26        0.0%
BITSFR26             0      0       0      27        0.0%
SFR26                0      0       0      27        0.0%
BITSFR27             0      0       0      28        0.0%
SFR27                0      0       0      28        0.0%
BITSFR28             0      0       0      29        0.0%
SFR28                0      0       0      29        0.0%
BITSFR29             0      0       0      30        0.0%
SFR29                0      0       0      30        0.0%
BITSFR30             0      0       0      31        0.0%
SFR30                0      0       0      31        0.0%
BITSFR31             0      0       0      32        0.0%
SFR31                0      0       0      32        0.0%
BITSFR32             0      0       0      33        0.0%
SFR32                0      0       0      33        0.0%
BITSFR33             0      0       0      34        0.0%
SFR33                0      0       0      34        0.0%
BITSFR34             0      0       0      35        0.0%
SFR34                0      0       0      35        0.0%
BITSFR35             0      0       0      36        0.0%
SFR35                0      0       0      36        0.0%
BITSFR36             0      0       0      37        0.0%
SFR36                0      0       0      37        0.0%
BITSFR37             0      0       0      38        0.0%
SFR37                0      0       0      38        0.0%
BITSFR38             0      0       0      39        0.0%
SFR38                0      0       0      39        0.0%
BITSFR39             0      0       0      40        0.0%
SFR39                0      0       0      40        0.0%
BITSFR40             0      0       0      41        0.0%
SFR40                0      0       0      41        0.0%
BITSFR41             0      0       0      42        0.0%
SFR41                0      0       0      42        0.0%
BITSFR42             0      0       0      43        0.0%
SFR42                0      0       0      43        0.0%
BITSFR43             0      0       0      44        0.0%
SFR43                0      0       0      44        0.0%
BITSFR44             0      0       0      45        0.0%
SFR44                0      0       0      45        0.0%
BITSFR45             0      0       0      46        0.0%
SFR45                0      0       0      46        0.0%
BITSFR46             0      0       0      47        0.0%
SFR46                0      0       0      47        0.0%
BITSFR47             0      0       0      48        0.0%
SFR47                0      0       0      48        0.0%
BITSFR48             0      0       0      49        0.0%
SFR48                0      0       0      49        0.0%
BITSFR49             0      0       0      50        0.0%
SFR49                0      0       0      50        0.0%
BITSFR50             0      0       0      51        0.0%
SFR50                0      0       0      51        0.0%
BITSFR51             0      0       0      52        0.0%
SFR51                0      0       0      52        0.0%
BITSFR52             0      0       0      53        0.0%
SFR52                0      0       0      53        0.0%
BITSFR53             0      0       0      54        0.0%
SFR53                0      0       0      54        0.0%
BITSFR54             0      0       0      55        0.0%
SFR54                0      0       0      55        0.0%
BITSFR55             0      0       0      56        0.0%
SFR55                0      0       0      56        0.0%
BITSFR56             0      0       0      57        0.0%
SFR56                0      0       0      57        0.0%
BITSFR57             0      0       0      58        0.0%
SFR57                0      0       0      58        0.0%
BITSFR58             0      0       0      59        0.0%
SFR58                0      0       0      59        0.0%
BITSFR59             0      0       0      60        0.0%
SFR59                0      0       0      60        0.0%
BITSFR60             0      0       0      61        0.0%
SFR60                0      0       0      61        0.0%
BITSFR61             0      0       0      62        0.0%
SFR61                0      0       0      62        0.0%
BITSFR62             0      0       0      63        0.0%
SFR62                0      0       0      63        0.0%
BITSFR63             0      0       0      64        0.0%
SFR63                0      0       0      64        0.0%


Microchip Technology PIC Macro Assembler V2.32 build 20210201212658 
Symbol Table                                                                                   Sun Oct 10 22:29:22 2021

                             l32 07D9                               l17 079C                               l35 07E1  
                             l73 07BB                               l76 07AE                               l92 07E5  
                             l94 07F5                               l79 07A4                               l97 07F8  
                             u30 07DD                               u31 07DC                               u40 07F5  
                             u41 07F4                              l118 07C9                              l721 07DD  
                            l713 07CB                              l715 07D5                              l651 0799  
                            l717 07D6                              l661 07C5                              l653 079D  
                            l725 07E2                              l719 07D7                              l647 0795  
                            l671 07AC                              l663 07C7                              l655 07BC  
                            l649 0798                              l673 07AD                              l665 07A5  
                            l657 07BE                              l667 07A8                              l659 07C0  
                            l691 07B5                              l669 07A9                              l693 07B8  
                            l687 07AF                              l689 07B2          __size_of_PMD_Initialize 0008  
                           _LATA 0018                             _PMD0 0796                             _PMD1 0797  
                           _PMD2 0798                             _PMD3 0799                             _PMD4 079A  
                           _PMD5 079B                             _WPUA 1F39                             _main 07E2  
                           btemp 007E                             start 0001   __size_of_OSCILLATOR_Initialize 000A  
  __end_of_OSCILLATOR_Initialize 07AF                            ?_main 0070                            _OSCEN 0891  
                          _TRISA 0012                            wtemp0 007E                  __initialization 07FC  
                   __end_of_main 07FC                           ??_main 0074                           _ADCON0 009D  
                         _ADCON1 009E                           _ADRESH 009C                           _ADRESL 009B  
                         _ANSELA 1F38                           _ODCONA 1F3A                           _INLVLA 1F3C  
                         _OSCFRQ 0893                   _PMD_Initialize 079D         ADC_GetConversion@channel 0073  
              _SYSTEM_Initialize 07AF          __end_of__initialization 07FE               ?_SYSTEM_Initialize 0070  
                 __pcstackCOMMON 0070              ??_SYSTEM_Initialize 0070           __end_of_PMD_Initialize 07A5  
      __end_of_SYSTEM_Initialize 07BC                       __pmaintext 07E2                  ?_PMD_Initialize 0070  
        __size_of_ADC_Initialize 0008                          _OSCCON1 088D                          _OSCCON3 088F  
                        _OSCSTAT 0890                          _OSCTUNE 0892                          _SLRCONA 1F3B  
           _ADC_InterruptHandler 0074                          __ptext1 07AF                          __ptext2 079D  
                        __ptext3 07BC                          __ptext4 07A5                          __ptext5 0795  
                        __ptext6 07CA            _OSCILLATOR_Initialize 07A5         ??_PIN_MANAGER_Initialize 0070  
     __size_of_SYSTEM_Initialize 000D             end_of_initialization 07FE                   _ADC_Initialize 0795  
         ?_OSCILLATOR_Initialize 0070              start_initialization 07FC  __size_of_PIN_MANAGER_Initialize 000E  
               ??_PMD_Initialize 0070           __end_of_ADC_Initialize 079D                      __pbssCOMMON 0074  
                      ___latbits 0000           _PIN_MANAGER_Initialize 07BC                  ?_ADC_Initialize 0070  
                       _LATAbits 0018                       _ADCON0bits 009D                _ADC_GetConversion 07CA  
        ??_OSCILLATOR_Initialize 0070               ?_ADC_GetConversion 0070              ??_ADC_GetConversion 0072  
                  __size_of_main 001A        __end_of_ADC_GetConversion 07E2          ?_PIN_MANAGER_Initialize 0070  
               ??_ADC_Initialize 0070   __end_of_PIN_MANAGER_Initialize 07CA       __size_of_ADC_GetConversion 0018  
